Build started 11/9/2015 1:46:19 PM.
     1>Project "H:\reportAssisgnPt2\reportAssisgnPt2\reportAssisgnPt2.vcxproj" on node 2 (build target(s)).
     1>PrepareForBuild:
         Creating directory "H:\reportAssisgnPt2\Debug\".
       InitializeBuildStatus:
         Creating "Debug\reportAssisgnPt2.unsuccessfulbuild" because "AlwaysCreate" was specified.
       ClCompile:
         c:\Program Files\Microsoft Visual Studio 10.0\VC\bin\CL.exe /c /ZI /nologo /W3 /WX- /Od /Oy- /D WIN32 /D _DEBUG /D _CONSOLE /D _UNICODE /D UNICODE /Gm /EHsc /RTC1 /MDd /GS /fp:precise /Zc:wchar_t /Zc:forScope /Fo"Debug\\" /Fd"Debug\vc100.pdb" /Gd /TP /analyze- /errorReport:prompt main.cpp
         main.cpp
       ManifestResourceCompile:
         C:\Program Files\Microsoft SDKs\Windows\v7.0A\bin\rc.exe /nologo /fo"Debug\reportAssisgnPt2.exe.embed.manifest.res" Debug\reportAssisgnPt2_manifest.rc 
       Link:
         c:\Program Files\Microsoft Visual Studio 10.0\VC\bin\link.exe /ERRORREPORT:PROMPT /OUT:"H:\reportAssisgnPt2\Debug\reportAssisgnPt2.exe" /INCREMENTAL /NOLOGO kernel32.lib user32.lib gdi32.lib winspool.lib comdlg32.lib advapi32.lib shell32.lib ole32.lib oleaut32.lib uuid.lib odbc32.lib odbccp32.lib /MANIFEST /ManifestFile:"Debug\reportAssisgnPt2.exe.intermediate.manifest" /MANIFESTUAC:"level='asInvoker' uiAccess='false'" /DEBUG /PDB:"H:\reportAssisgnPt2\Debug\reportAssisgnPt2.pdb" /SUBSYSTEM:CONSOLE /TLBID:1 /DYNAMICBASE /NXCOMPAT /IMPLIB:"H:\reportAssisgnPt2\Debug\reportAssisgnPt2.lib" /MACHINE:X86 Debug\reportAssisgnPt2.exe.embed.manifest.res
         Debug\main.obj
     1>main.obj : error LNK2019: unresolved external symbol "public: __thiscall Item::~Item(void)" (??1Item@@QAE@XZ) referenced in function _main
     1>main.obj : error LNK2019: unresolved external symbol "public: static class Item __cdecl Item::findElements(class std::basic_string<char,struct std::char_traits<char>,class std::allocator<char> >)" (?findElements@Item@@SA?AV1@V?$basic_string@DU?$char_traits@D@std@@V?$allocator@D@2@@std@@@Z) referenced in function _main
     1>H:\reportAssisgnPt2\Debug\reportAssisgnPt2.exe : fatal error LNK1120: 2 unresolved externals
     1>Done Building Project "H:\reportAssisgnPt2\reportAssisgnPt2\reportAssisgnPt2.vcxproj" (build target(s)) -- FAILED.

Build FAILED.

Time Elapsed 00:00:02.19
